<?xml version="1.0" encoding="UTF-8"?>
<testng-results skipped="0" failed="0" total="1" passed="1">
  <reporter-output>
  </reporter-output>
  <suite name="Tests" duration-ms="6903" started-at="2016-02-13T15:04:29Z" finished-at="2016-02-13T15:04:36Z">
    <groups>
    </groups>
    <test name="Test1" duration-ms="6903" started-at="2016-02-13T15:04:29Z" finished-at="2016-02-13T15:04:36Z">
      <class name="dlbi_selenium.HomePageTest">
        <test-method status="PASS" signature="init()[pri:0, instance:dlbi_selenium.HomePageTest@71be98f5]" name="init" is-config="true" duration-ms="1989" started-at="2016-02-13T16:04:29Z" finished-at="2016-02-13T16:04:31Z">
          <reporter-output>
          </reporter-output>
        </test-method> <!-- init -->
        <test-method status="PASS" signature="testInit()[pri:0, instance:dlbi_selenium.HomePageTest@71be98f5]" name="testInit" is-config="true" duration-ms="466" started-at="2016-02-13T16:04:31Z" finished-at="2016-02-13T16:04:32Z">
          <reporter-output>
          </reporter-output>
        </test-method> <!-- testInit -->
        <test-method status="PASS" signature="addMovieTest()[pri:0, instance:dlbi_selenium.HomePageTest@71be98f5]" name="addMovieTest" duration-ms="4442" started-at="2016-02-13T16:04:32Z" finished-at="2016-02-13T16:04:36Z">
          <reporter-output>
          </reporter-output>
        </test-method> <!-- addMovieTest -->
        <test-method status="PASS" signature="tearDown()[pri:0, instance:dlbi_selenium.HomePageTest@71be98f5]" name="tearDown" is-config="true" duration-ms="760" started-at="2016-02-13T16:04:36Z" finished-at="2016-02-13T16:04:37Z">
          <reporter-output>
          </reporter-output>
        </test-method> <!-- tearDown -->
      </class> <!-- dlbi_selenium.HomePageTest -->
    </test> <!-- Test1 -->
  </suite> <!-- Tests -->
</testng-results>
