<?xml version="1.0" encoding="UTF-8"?>
<testng-results skipped="0" failed="0" total="1" passed="1">
  <reporter-output>
  </reporter-output>
  <suite name="Default suite" duration-ms="4518" started-at="2016-02-06T15:00:03Z" finished-at="2016-02-06T15:00:07Z">
    <groups>
    </groups>
    <test name="Default test" duration-ms="4518" started-at="2016-02-06T15:00:03Z" finished-at="2016-02-06T15:00:07Z">
      <class name="dlbi_selenium.LoginTest">
        <test-method status="PASS" signature="init()[pri:0, instance:dlbi_selenium.LoginTest@7dc36524]" name="init" is-config="true" duration-ms="1969" started-at="2016-02-06T16:00:03Z" finished-at="2016-02-06T16:00:05Z">
          <reporter-output>
          </reporter-output>
        </test-method> <!-- init -->
        <test-method status="PASS" signature="testUntitled()[pri:0, instance:dlbi_selenium.LoginTest@7dc36524]" name="testUntitled" duration-ms="2540" started-at="2016-02-06T16:00:05Z" finished-at="2016-02-06T16:00:07Z">
          <reporter-output>
          </reporter-output>
        </test-method> <!-- testUntitled -->
        <test-method status="PASS" signature="tearDown()[pri:0, instance:dlbi_selenium.LoginTest@7dc36524]" name="tearDown" is-config="true" duration-ms="1234" started-at="2016-02-06T16:00:07Z" finished-at="2016-02-06T16:00:08Z">
          <reporter-output>
          </reporter-output>
        </test-method> <!-- tearDown -->
      </class> <!-- dlbi_selenium.LoginTest -->
    </test> <!-- Default test -->
  </suite> <!-- Default suite -->
</testng-results>
